# JRE version: Java(TM) SE Runtime Environment (8.0_112-b15) (build 1.8.0_112-b15)
# Java VM: Java HotSpot(TM) 64-Bit Server VM (25.112-b15 mixed mode windows-amd64 compressed oops)
Heap:
 PSYoungGen      total 57344K, used 8373K [0x00000007bc400000, 0x00000007c0000000, 0x00000007c0000000)
  eden space 53248K, 10% used [0x00000007bc400000,0x00000007bc950e88,0x00000007bf800000)
  from space 4096K, 71% used [0x00000007bfc00000,0x00000007bfedc7a0,0x00000007c0000000)
  to   space 4096K, 0% used [0x00000007bf800000,0x00000007bf800000,0x00000007bfc00000)
 ParOldGen       total 169984K, used 66299K [0x0000000700000000, 0x000000070a600000, 0x00000007bc400000)
  object space 169984K, 39% used [0x0000000700000000,0x00000007040bed48,0x000000070a600000)
 Metaspace       used 75471K, capacity 76223K, committed 76928K, reserved 1116160K
  class space    used 10181K, capacity 10344K, committed 10368K, reserved 1048576K
GC Heap History (10 events):
Event: 3790.936 GC heap before
{Heap before GC invocations=853 (full 293):
 PSYoungGen      total 56832K, used 55203K [0x00000007bc400000, 0x00000007c0000000, 0x00000007c0000000)
  eden space 52224K, 100% used [0x00000007bc400000,0x00000007bf700000,0x00000007bf700000)
  from space 4608K, 64% used [0x00000007bf700000,0x00000007bf9e8fe8,0x00000007bfb80000)
  to   space 4608K, 0% used [0x00000007bfb80000,0x00000007bfb80000,0x00000007c0000000)
 ParOldGen       total 169984K, used 66137K [0x0000000700000000, 0x000000070a600000, 0x00000007bc400000)
  object space 169984K, 38% used [0x0000000700000000,0x0000000704096500,0x000000070a600000)
 Metaspace       used 75455K, capacity 76159K, committed 76928K, reserved 1116160K
  class space    used 10181K, capacity 10344K, committed 10368K, reserved 1048576K
Event: 3790.943 GC heap after
Heap after GC invocations=853 (full 293):
 PSYoungGen      total 56832K, used 3122K [0x00000007bc400000, 0x00000007c0000000, 0x00000007c0000000)
  eden space 52224K, 0% used [0x00000007bc400000,0x00000007bc400000,0x00000007bf700000)
  from space 4608K, 67% used [0x00000007bfb80000,0x00000007bfe8c848,0x00000007c0000000)
  to   space 4608K, 0% used [0x00000007bf700000,0x00000007bf700000,0x00000007bfb80000)
 ParOldGen       total 169984K, used 66153K [0x0000000700000000, 0x000000070a600000, 0x00000007bc400000)
  object space 169984K, 38% used [0x0000000700000000,0x000000070409a500,0x000000070a600000)
 Metaspace       used 75455K, capacity 76159K, committed 76928K, reserved 1116160K
  class space    used 10181K, capacity 10344K, committed 10368K, reserved 1048576K
}
Event: 3881.885 GC heap before
{Heap before GC invocations=854 (full 293):
 PSYoungGen      total 56832K, used 55346K [0x00000007bc400000, 0x00000007c0000000, 0x00000007c0000000)
  eden space 52224K, 100% used [0x00000007bc400000,0x00000007bf700000,0x00000007bf700000)
  from space 4608K, 67% used [0x00000007bfb80000,0x00000007bfe8c848,0x00000007c0000000)
  to   space 4608K, 0% used [0x00000007bf700000,0x00000007bf700000,0x00000007bfb80000)
 ParOldGen       total 169984K, used 66153K [0x0000000700000000, 0x000000070a600000, 0x00000007bc400000)
  object space 169984K, 38% used [0x0000000700000000,0x000000070409a500,0x000000070a600000)
 Metaspace       used 75455K, capacity 76159K, committed 76928K, reserved 1116160K
  class space    used 10181K, capacity 10344K, committed 10368K, reserved 1048576K
Event: 3881.892 GC heap after
Heap after GC invocations=854 (full 293):
 PSYoungGen      total 56832K, used 3075K [0x00000007bc400000, 0x00000007c0000000, 0x00000007c0000000)
  eden space 52224K, 0% used [0x00000007bc400000,0x00000007bc400000,0x00000007bf700000)
  from space 4608K, 66% used [0x00000007bf700000,0x00000007bfa00fe8,0x00000007bfb80000)
  to   space 4096K, 0% used [0x00000007bfc00000,0x00000007bfc00000,0x00000007c0000000)
 ParOldGen       total 169984K, used 66161K [0x0000000700000000, 0x000000070a600000, 0x00000007bc400000)
  object space 169984K, 38% used [0x0000000700000000,0x000000070409c500,0x000000070a600000)
 Metaspace       used 75455K, capacity 76159K, committed 76928K, reserved 1116160K
  class space    used 10181K, capacity 10344K, committed 10368K, reserved 1048576K
}
Event: 3882.391 GC heap before
{Heap before GC invocations=855 (full 293):
 PSYoungGen      total 56832K, used 55299K [0x00000007bc400000, 0x00000007c0000000, 0x00000007c0000000)
  eden space 52224K, 100% used [0x00000007bc400000,0x00000007bf700000,0x00000007bf700000)
  from space 4608K, 66% used [0x00000007bf700000,0x00000007bfa00fe8,0x00000007bfb80000)
  to   space 4096K, 0% used [0x00000007bfc00000,0x00000007bfc00000,0x00000007c0000000)
 ParOldGen       total 169984K, used 66161K [0x0000000700000000, 0x000000070a600000, 0x00000007bc400000)
  object space 169984K, 38% used [0x0000000700000000,0x000000070409c500,0x000000070a600000)
 Metaspace       used 75461K, capacity 76223K, committed 76928K, reserved 1116160K
  class space    used 10181K, capacity 10344K, committed 10368K, reserved 1048576K
Event: 3882.398 GC heap after
Heap after GC invocations=855 (full 293):
 PSYoungGen      total 57344K, used 2852K [0x00000007bc400000, 0x00000007c0000000, 0x00000007c0000000)
  eden space 53248K, 0% used [0x00000007bc400000,0x00000007bc400000,0x00000007bf800000)
  from space 4096K, 69% used [0x00000007bfc00000,0x00000007bfec9088,0x00000007c0000000)
  to   space 4096K, 0% used [0x00000007bf800000,0x00000007bf800000,0x00000007bfc00000)
 ParOldGen       total 169984K, used 66169K [0x0000000700000000, 0x000000070a600000, 0x00000007bc400000)
  object space 169984K, 38% used [0x0000000700000000,0x000000070409e500,0x000000070a600000)
 Metaspace       used 75461K, capacity 76223K, committed 76928K, reserved 1116160K
  class space    used 10181K, capacity 10344K, committed 10368K, reserved 1048576K
}
Event: 3886.895 GC heap before
{Heap before GC invocations=856 (full 293):
 PSYoungGen      total 57344K, used 56100K [0x00000007bc400000, 0x00000007c0000000, 0x00000007c0000000)
  eden space 53248K, 100% used [0x00000007bc400000,0x00000007bf800000,0x00000007bf800000)
  from space 4096K, 69% used [0x00000007bfc00000,0x00000007bfec9088,0x00000007c0000000)
  to   space 4096K, 0% used [0x00000007bf800000,0x00000007bf800000,0x00000007bfc00000)
 ParOldGen       total 169984K, used 66169K [0x0000000700000000, 0x000000070a600000, 0x00000007bc400000)
  object space 169984K, 38% used [0x0000000700000000,0x000000070409e500,0x000000070a600000)
 Metaspace       used 75467K, capacity 76223K, committed 76928K, reserved 1116160K
  class space    used 10181K, capacity 10344K, committed 10368K, reserved 1048576K
Event: 3886.911 GC heap after
Heap after GC invocations=856 (full 293):
 PSYoungGen      total 57344K, used 2916K [0x00000007bc400000, 0x00000007c0000000, 0x00000007c0000000)
  eden space 53248K, 0% used [0x00000007bc400000,0x00000007bc400000,0x00000007bf800000)
  from space 4096K, 71% used [0x00000007bf800000,0x00000007bfad9088,0x00000007bfc00000)
  to   space 4096K, 0% used [0x00000007bfc00000,0x00000007bfc00000,0x00000007c0000000)
 ParOldGen       total 169984K, used 66193K [0x0000000700000000, 0x000000070a600000, 0x00000007bc400000)
  object space 169984K, 38% used [0x0000000700000000,0x00000007040a4500,0x000000070a600000)
 Metaspace       used 75467K, capacity 76223K, committed 76928K, reserved 1116160K
  class space    used 10181K, capacity 10344K, committed 10368K, reserved 1048576K
}
Event: 3891.026 GC heap before
{Heap before GC invocations=857 (full 293):
 PSYoungGen      total 57344K, used 56164K [0x00000007bc400000, 0x00000007c0000000, 0x00000007c0000000)
  eden space 53248K, 100% used [0x00000007bc400000,0x00000007bf800000,0x00000007bf800000)
  from space 4096K, 71% used [0x00000007bf800000,0x00000007bfad9088,0x00000007bfc00000)
  to   space 4096K, 0% used [0x00000007bfc00000,0x00000007bfc00000,0x00000007c0000000)
 ParOldGen       total 169984K, used 66193K [0x0000000700000000, 0x000000070a600000, 0x00000007bc400000)
  object space 169984K, 38% used [0x0000000700000000,0x00000007040a4500,0x000000070a600000)
 Metaspace       used 75470K, capacity 76223K, committed 76928K, reserved 1116160K
  class space    used 10181K, capacity 10344K, committed 10368K, reserved 1048576K
Event: 3891.039 GC heap after
Heap after GC invocations=857 (full 293):
 PSYoungGen      total 57344K, used 2929K [0x00000007bc400000, 0x00000007c0000000, 0x00000007c0000000)
  eden space 53248K, 0% used [0x00000007bc400000,0x00000007bc400000,0x00000007bf800000)
  from space 4096K, 71% used [0x00000007bfc00000,0x00000007bfedc7a0,0x00000007c0000000)
  to   space 4096K, 0% used [0x00000007bf800000,0x00000007bf800000,0x00000007bfc00000)
 ParOldGen       total 169984K, used 66299K [0x0000000700000000, 0x000000070a600000, 0x00000007bc400000)
  object space 169984K, 39% used [0x0000000700000000,0x00000007040bed48,0x000000070a600000)
 Metaspace       used 75470K, capacity 76223K, committed 76928K, reserved 1116160K
  class space    used 10181K, capacity 10344K, committed 10368K, reserved 1048576K
}

